#
# A fatal error has been detected by the Java Runtime Environment:
#
#  EXCEPTION_ACCESS_VIOLATION (0xc0000005) at pc=0x00007fffac33c81a, pid=25352, tid=17876
#
# JRE version: Java(TM) SE Runtime Environment (21.0.1+12) (build 21.0.1+12-LTS-29)
# Java VM: Java HotSpot(TM) 64-Bit Server VM (21.0.1+12-LTS-29, mixed mode, tiered, compressed oops, compressed class ptrs, g1 gc, windows-amd64)
# Problematic frame:
# C  [jprofilerti.dll+0x2c81a]
#
# No core dump will be written. Minidumps are not enabled by default on client versions of Windows
#
# If you would like to submit a bug report, please visit:
#   https://bugreport.java.com/bugreport/crash.jsp
# The crash happened outside the Java Virtual Machine in native code.
# See problematic frame for where to report the bug.
#

---------------  S U M M A R Y ------------

Command Line: -agentpath:C:\Program Files\jprofiler14\bin\windows-x64\jprofilerti.dll=port=56970,loopback uvg.edu.gt.App

Host: Intel(R) Core(TM) i5-10300H CPU @ 2.50GHz, 8 cores, 15G,  Windows 11 , 64 bit Build 22000 (10.0.22000.2538)
Time: Wed Feb  7 23:42:05 2024 Central America Standard Time elapsed time: 107.000558 seconds (0d 0h 1m 47s)

---------------  T H R E A D  ---------------

Current thread (0x000001318b129a10):  JavaThread "_jprofiler_native_comm" daemon [_thread_in_native, id=17876, stack(0x0000001f88a00000,0x0000001f88b00000) (1024K)]

Stack: [0x0000001f88a00000,0x0000001f88b00000],  sp=0x0000001f88afd3d0,  free space=1012k
Native frames: (J=compiled Java code, j=interpreted, Vv=VM code, C=native code)
C  [jprofilerti.dll+0x2c81a]


siginfo: EXCEPTION_ACCESS_VIOLATION (0xc0000005), reading address 0x0000013a6f5319c4


Registers:
RAX=0x00000131e6859c01, RBX=0x0000013a6f5319b0, RCX=0x0000001f88aff700, RDX=0x0000000000000002
RSP=0x0000001f88afd3d0, RBP=0x0000001f88afd4d0, RSI=0x00000131e49cddf0, RDI=0x0000000000000000
R8 =0x0000013186a87af0, R9 =0x000000000000003d, R10=0x0000000000000000, R11=0xffffebdff7fc7fcd
R12=0x0000000000000000, R13=0x000001318bb98820, R14=0x00000131e49cde1c, R15=0x0000000000000001
RIP=0x00007fffac33c81a, EFLAGS=0x0000000000010246


Register to memory mapping:

RAX=0x00000131e6859c01 points into unknown readable memory: 00 00 00 00 00 00 00
RBX=0x0000013a6f5319b0 is an unknown value
RCX=0x0000001f88aff700 is pointing into the stack for thread: 0x000001318b129a10
RDX=0x0000000000000002 is an unknown value
RSP=0x0000001f88afd3d0 is pointing into the stack for thread: 0x000001318b129a10
RBP=0x0000001f88afd4d0 is pointing into the stack for thread: 0x000001318b129a10
RSI=0x00000131e49cddf0 points into unknown readable memory: 0x00007fffac4519b8 | b8 19 45 ac ff 7f 00 00
RDI=0x0 is null
R8 =0x0000013186a87af0 points into unknown readable memory: 0x0000013a6f5319b0 | b0 19 53 6f 3a 01 00 00
R9 =0x000000000000003d is an unknown value
R10=0x0 is null
R11=0xffffebdff7fc7fcd is an unknown value
R12=0x0 is null
R13=0x000001318bb98820 points into unknown readable memory: 0x00000131e6859cb0 | b0 9c 85 e6 31 01 00 00
R14=0x00000131e49cde1c points into unknown readable memory: 00 01 00 00
R15=0x0000000000000001 is an unknown value

Top of Stack: (sp=0x0000001f88afd3d0)
0x0000001f88afd3d0:   0000013186a87af0 0000000000000001
0x0000001f88afd3e0:   0000013a6f5319b0 0000001f88afd4d0
0x0000001f88afd3f0:   000077f310e8717d 00007fffac33df92
0x0000001f88afd400:   0000000000000000 00007fffaa8c77be
0x0000001f88afd410:   0000000000000000 0000001f88aff700
0x0000001f88afd420:   00000131e49d4020 0000013a6f5319b0
0x0000001f88afd430:   0000000000000000 0000000000000000
0x0000001f88afd440:   0000001f88aff785 000001318b0f6260
0x0000001f88afd450:   000001318b129dc8 00000000000000d8
0x0000001f88afd460:   0000001f88affad0 00000131e49cde1c
0x0000001f88afd470:   0000000000000000 0000001f88afd670
0x0000001f88afd480:   000001318bb98820 00000131e49cddf0
0x0000001f88afd490:   000001318b415e70 000001318b129a10
0x0000001f88afd4a0:   0000001f88afd5e1 00007fffaaa18f42
0x0000001f88afd4b0:   00007fffaa72cbc0 0000001f00000000
0x0000001f88afd4c0:   000001318b129d00 00000131f659ba00
0x0000001f88afd4d0:   000001318652c3b8 00007fffaa72cbae
0x0000001f88afd4e0:   0000000000000000 00000131e49d4110
0x0000001f88afd4f0:   000001318bb98340 00000131e49cddf0
0x0000001f88afd500:   000001318b129a10 0000000000000000
0x0000001f88afd510:   000001318b129a10 00007fffaa7a006d
0x0000001f88afd520:   000001318652c3b8 000001318b129a10
0x0000001f88afd530:   0000000000000018 000000000000003d
0x0000001f88afd540:   0000013100000004 00000131876c3790
0x0000001f88afd550:   000001318b129a10 000001318652c3b8
0x0000001f88afd560:   00000000000003d8 0000000000000000
0x0000001f88afd570:   0000000000000000 000000070a43b9e8
0x0000001f88afd580:   000000070e800c30 0000000000000001
0x0000001f88afd590:   0000000000000000 000001318b390310
0x0000001f88afd5a0:   000001318b129dc8 00007fffaa79ef07
0x0000001f88afd5b0:   0000001f88afd6a0 0000000100010100
0x0000001f88afd5c0:   00000131876c3790 0000001f88afd578 

Instructions: (pc=0x00007fffac33c81a)
0x00007fffac33c71a:   00 49 8b f9 4c 89 4c 24 48 4c 89 45 80 48 8b f2
0x00007fffac33c72a:   48 89 55 b8 4c 8b f9 48 89 4c 24 50 48 8b 85 98
0x00007fffac33c73a:   21 00 00 48 89 44 24 60 48 8b 8d a0 21 00 00 48
0x00007fffac33c74a:   89 4d a0 4c 8b a5 a8 21 00 00 4c 89 64 24 68 49
0x00007fffac33c75a:   8d 99 85 00 00 00 48 89 5c 24 70 0f b6 03 88 44
0x00007fffac33c76a:   24 42 33 d2 48 8b ce e8 6a e5 00 00 88 03 48 8b
0x00007fffac33c77a:   ce e8 e0 e5 00 00 8b d8 b9 20 00 00 00 e8 30 ba
0x00007fffac33c78a:   0c 00 48 89 45 b0 f3 0f 10 35 d0 72 11 00 0f 28
0x00007fffac33c79a:   d6 48 8b c8 e8 9d ab 08 00 4c 8b e8 48 89 45 b0
0x00007fffac33c7aa:   85 db 0f 94 c1 88 8f 86 00 00 00 4c 8d 76 2c 4c
0x00007fffac33c7ba:   89 75 98 33 ff 85 db 7e 71 44 8b fb 8b df 41 38
0x00007fffac33c7ca:   3e 75 28 48 8b 06 4c 8b 48 10 41 b8 08 00 00 00
0x00007fffac33c7da:   44 2b c3 48 63 c3 48 8d 54 24 58 48 03 d0 48 8b
0x00007fffac33c7ea:   ce 41 ff d1 03 d8 83 fb 08 7c d3 48 8b 5c 24 58
0x00007fffac33c7fa:   41 38 3e 48 0f 45 df 48 8b d3 49 8b cd e8 84 ac
0x00007fffac33c80a:   08 00 48 8b 4c 24 48 40 38 b9 86 00 00 00 75 0d
0x00007fffac33c81a:   40 38 7b 14 0f 95 c0 88 81 86 00 00 00 49 83 ef
0x00007fffac33c82a:   01 75 99 4c 8b 7c 24 50 eb 09 4c 89 75 98 48 8b
0x00007fffac33c83a:   4c 24 48 48 8d 41 18 48 89 45 a8 4c 8b 28 4d 85
0x00007fffac33c84a:   ed 74 57 49 8b 4d 10 48 85 c9 74 22 66 66 0f 1f
0x00007fffac33c85a:   84 00 00 00 00 00 48 8b 59 18 49 8d 97 30 02 00
0x00007fffac33c86a:   00 e8 d0 69 fe ff 48 8b cb 48 85 db 75 e8 49 89
0x00007fffac33c87a:   7d 10 49 8b cd e8 8c 68 fe ff 49 8b 87 30 02 00
0x00007fffac33c88a:   00 49 89 45 18 4d 89 af 30 02 00 00 41 ff 87 38
0x00007fffac33c89a:   02 00 00 48 8b 45 a8 48 89 38 8b df 41 bf 01 00
0x00007fffac33c8aa:   00 00 0f 1f 40 00 41 38 3e 0f 85 04 02 00 00 48
0x00007fffac33c8ba:   8b 06 4c 8b 48 10 45 8b c7 44 2b c3 48 63 c3 48
0x00007fffac33c8ca:   8d 54 24 40 48 03 d0 48 8b ce 41 ff d1 03 d8 41
0x00007fffac33c8da:   3b df 7c d2 41 38 3e 0f 85 d6 01 00 00 4c 8b 6c
0x00007fffac33c8ea:   24 50 44 38 7c 24 40 0f 85 cb 01 00 00 4d 8d bd
0x00007fffac33c8fa:   30 02 00 00 49 8b 0f 48 85 c9 75 32 b9 38 00 00
0x00007fffac33c90a:   00 e8 ac b8 0c 00 48 8b c8 48 89 44 24 58 48 89 


Stack slot to memory mapping:

stack at sp + 0 slots: 0x0000013186a87af0 points into unknown readable memory: 0x0000013a6f5319b0 | b0 19 53 6f 3a 01 00 00
stack at sp + 1 slots: 0x0000000000000001 is an unknown value
stack at sp + 2 slots: 0x0000013a6f5319b0 is an unknown value
stack at sp + 3 slots: 0x0000001f88afd4d0 is pointing into the stack for thread: 0x000001318b129a10
stack at sp + 4 slots: 0x000077f310e8717d is an unknown value
stack at sp + 5 slots: 0x00007fffac33df92 jprofilerti.dll
stack at sp + 6 slots: 0x0 is null
stack at sp + 7 slots: 0x00007fffaa8c77be jvm.dll


---------------  P R O C E S S  ---------------

Threads class SMR info:
_java_thread_list=0x000001318bb99bd0, length=15, elements={
0x00000131863fdcb0, 0x00000131864bbee0, 0x00000131864cd6c0, 0x00000131864bd8d0,
0x00000131864cbbe0, 0x00000131864f0a20, 0x00000131864f5120, 0x00000131864f6360,
0x00000131869154a0, 0x000001318b129a10, 0x000001318b240a80, 0x000001318b490130,
0x000001318b5b0c90, 0x000001318b5ad8e0, 0x00000131e6ccacd0
}

Java Threads: ( => current thread )
  0x00000131863fdcb0 JavaThread "Reference Handler"          daemon [_thread_blocked, id=6520, stack(0x0000001f88100000,0x0000001f88200000) (1024K)]
  0x00000131864bbee0 JavaThread "Finalizer"                  daemon [_thread_blocked, id=9588, stack(0x0000001f88200000,0x0000001f88300000) (1024K)]
  0x00000131864cd6c0 JavaThread "Signal Dispatcher"          daemon [_thread_blocked, id=24120, stack(0x0000001f88300000,0x0000001f88400000) (1024K)]
  0x00000131864bd8d0 JavaThread "Attach Listener"            daemon [_thread_blocked, id=5316, stack(0x0000001f88400000,0x0000001f88500000) (1024K)]
  0x00000131864cbbe0 JavaThread "Service Thread"             daemon [_thread_blocked, id=28244, stack(0x0000001f88500000,0x0000001f88600000) (1024K)]
  0x00000131864f0a20 JavaThread "Monitor Deflation Thread"   daemon [_thread_blocked, id=22356, stack(0x0000001f88600000,0x0000001f88700000) (1024K)]
  0x00000131864f5120 JavaThread "C2 CompilerThread0"         daemon [_thread_blocked, id=11324, stack(0x0000001f88700000,0x0000001f88800000) (1024K)]
  0x00000131864f6360 JavaThread "C1 CompilerThread0"         daemon [_thread_blocked, id=21404, stack(0x0000001f88800000,0x0000001f88900000) (1024K)]
  0x00000131869154a0 JavaThread "Common-Cleaner"             daemon [_thread_blocked, id=23772, stack(0x0000001f88900000,0x0000001f88a00000) (1024K)]
=>0x000001318b129a10 JavaThread "_jprofiler_native_comm"     daemon [_thread_in_native, id=17876, stack(0x0000001f88a00000,0x0000001f88b00000) (1024K)]
  0x000001318b240a80 JavaThread "_jprofiler_native_sampler"  daemon [_thread_in_native, id=8972, stack(0x0000001f88b00000,0x0000001f88c00000) (1024K)]
  0x000001318b490130 JavaThread "_jprofiler_control_sampler" daemon [_thread_blocked, id=12980, stack(0x0000001f88e00000,0x0000001f88f00000) (1024K)]
  0x000001318b5b0c90 JavaThread "_jprofiler_sampler"         daemon [_thread_blocked, id=2104, stack(0x0000001f88f00000,0x0000001f89000000) (1024K)]
  0x000001318b5ad8e0 JavaThread "Notification Thread"        daemon [_thread_blocked, id=16360, stack(0x0000001f89000000,0x0000001f89100000) (1024K)]
  0x00000131e6ccacd0 JavaThread "DestroyJavaVM"                     [_thread_blocked, id=25328, stack(0x0000001f87900000,0x0000001f87a00000) (1024K)]
Total: 15

Other Threads:
  0x000001318637aef0 VMThread "VM Thread"                           [id=7736, stack(0x0000001f88000000,0x0000001f88100000) (1024K)]
  0x00000131e67b81d0 WorkerThread "GC Thread#0"                     [id=10076, stack(0x0000001f87a00000,0x0000001f87b00000) (1024K)]
  0x000001318bd38d20 WorkerThread "GC Thread#1"                     [id=27144, stack(0x0000001f89200000,0x0000001f89300000) (1024K)]
  0x000001318bd41a50 WorkerThread "GC Thread#2"                     [id=29292, stack(0x0000001f89300000,0x0000001f89400000) (1024K)]
  0x000001318bbe1400 WorkerThread "GC Thread#3"                     [id=12040, stack(0x0000001f89400000,0x0000001f89500000) (1024K)]
  0x0000013186a88630 WorkerThread "GC Thread#4"                     [id=14572, stack(0x0000001f89500000,0x0000001f89600000) (1024K)]
  0x0000013186a88de0 WorkerThread "GC Thread#5"                     [id=20844, stack(0x0000001f89600000,0x0000001f89700000) (1024K)]
  0x0000013186a89180 WorkerThread "GC Thread#6"                     [id=10964, stack(0x0000001f89700000,0x0000001f89800000) (1024K)]
  0x000001318bba42f0 WorkerThread "GC Thread#7"                     [id=18044, stack(0x0000001f89800000,0x0000001f89900000) (1024K)]
  0x00000131e65ce010 ConcurrentGCThread "G1 Main Marker"            terminated
  0x00000131e6775f70 WorkerThread "G1 Conc#0"                       [id=4124, stack(0x0000001f87c00000,0x0000001f87d00000) (1024K)]
  0x00000131e68576a0 ConcurrentGCThread "G1 Refine#0"               terminated
  0x00000131e6858130 ConcurrentGCThread "G1 Service"                terminated
Total: 13

Threads with active compile tasks:
Total: 0

VM state: not at safepoint (normal execution)

VM Mutex/Monitor currently owned by a thread: None

Heap address: 0x0000000703e00000, size: 4034 MB, Compressed Oops mode: Zero based, Oop shift amount: 3

CDS archive(s) not mapped
Compressed class space mapped at: 0x0000000800000000-0x0000000840000000, reserved size: 1073741824
Narrow klass base: 0x0000000800000000, Narrow klass shift: 0, Narrow klass range: 0x40000000

GC Precious Log:
 CardTable entry size: 512
 Card Set container configuration: InlinePtr #cards 4 size 8 Array Of Cards #cards 16 size 48 Howl #buckets 8 coarsen threshold 3686 Howl Bitmap #cards 512 size 80 coarsen threshold 460 Card regions per heap region 1 cards per card region 4096
 CPUs: 8 total, 8 available
 Memory: 16129M
 Large Page Support: Disabled
 NUMA Support: Disabled
 Compressed Oops: Enabled (Zero based)
 Heap Region Size: 2M
 Heap Min Capacity: 8M
 Heap Initial Capacity: 254M
 Heap Max Capacity: 4034M
 Pre-touch: Disabled
 Parallel Workers: 8
 Concurrent Workers: 2
 Concurrent Refinement Workers: 8
 Periodic GC: Disabled

Heap:
 garbage-first heap   total 260096K, used 88123K [0x0000000703e00000, 0x0000000800000000)
  region size 2048K, 45 young (92160K), 2 survivors (4096K)
 Metaspace       used 11952K, committed 12160K, reserved 1114112K
  class space    used 1100K, committed 1216K, reserved 1048576K

Heap Regions: E=young(eden), S=young(survivor), O=old, HS=humongous(starts), HC=humongous(continues), CS=collection set, F=free, TAMS=top-at-mark-start, PB=parsable bottom
|   0|0x0000000703e00000, 0x0000000703e00000, 0x0000000704000000|  0%| F|  |TAMS 0x0000000703e00000| PB 0x0000000703e00000| Untracked 
|   1|0x0000000704000000, 0x0000000704000000, 0x0000000704200000|  0%| F|  |TAMS 0x0000000704000000| PB 0x0000000704000000| Untracked 
|   2|0x0000000704200000, 0x0000000704200000, 0x0000000704400000|  0%| F|  |TAMS 0x0000000704200000| PB 0x0000000704200000| Untracked 
|   3|0x0000000704400000, 0x0000000704400000, 0x0000000704600000|  0%| F|  |TAMS 0x0000000704400000| PB 0x0000000704400000| Untracked 
|   4|0x0000000704600000, 0x0000000704600000, 0x0000000704800000|  0%| F|  |TAMS 0x0000000704600000| PB 0x0000000704600000| Untracked 
|   5|0x0000000704800000, 0x0000000704800000, 0x0000000704a00000|  0%| F|  |TAMS 0x0000000704800000| PB 0x0000000704800000| Untracked 
|   6|0x0000000704a00000, 0x0000000704a00000, 0x0000000704c00000|  0%| F|  |TAMS 0x0000000704a00000| PB 0x0000000704a00000| Untracked 
|   7|0x0000000704c00000, 0x0000000704c00000, 0x0000000704e00000|  0%| F|  |TAMS 0x0000000704c00000| PB 0x0000000704c00000| Untracked 
|   8|0x0000000704e00000, 0x0000000704e00000, 0x0000000705000000|  0%| F|  |TAMS 0x0000000704e00000| PB 0x0000000704e00000| Untracked 
|   9|0x0000000705000000, 0x0000000705000000, 0x0000000705200000|  0%| F|  |TAMS 0x0000000705000000| PB 0x0000000705000000| Untracked 
|  10|0x0000000705200000, 0x0000000705200000, 0x0000000705400000|  0%| F|  |TAMS 0x0000000705200000| PB 0x0000000705200000| Untracked 
|  11|0x0000000705400000, 0x0000000705400000, 0x0000000705600000|  0%| F|  |TAMS 0x0000000705400000| PB 0x0000000705400000| Untracked 
|  12|0x0000000705600000, 0x0000000705600000, 0x0000000705800000|  0%| F|  |TAMS 0x0000000705600000| PB 0x0000000705600000| Untracked 
|  13|0x0000000705800000, 0x0000000705800000, 0x0000000705a00000|  0%| F|  |TAMS 0x0000000705800000| PB 0x0000000705800000| Untracked 
|  14|0x0000000705a00000, 0x0000000705a00000, 0x0000000705c00000|  0%| F|  |TAMS 0x0000000705a00000| PB 0x0000000705a00000| Untracked 
|  15|0x0000000705c00000, 0x0000000705c00000, 0x0000000705e00000|  0%| F|  |TAMS 0x0000000705c00000| PB 0x0000000705c00000| Untracked 
|  16|0x0000000705e00000, 0x0000000705e00000, 0x0000000706000000|  0%| F|  |TAMS 0x0000000705e00000| PB 0x0000000705e00000| Untracked 
|  17|0x0000000706000000, 0x0000000706000000, 0x0000000706200000|  0%| F|  |TAMS 0x0000000706000000| PB 0x0000000706000000| Untracked 
|  18|0x0000000706200000, 0x0000000706200000, 0x0000000706400000|  0%| F|  |TAMS 0x0000000706200000| PB 0x0000000706200000| Untracked 
|  19|0x0000000706400000, 0x0000000706400000, 0x0000000706600000|  0%| F|  |TAMS 0x0000000706400000| PB 0x0000000706400000| Untracked 
|  20|0x0000000706600000, 0x0000000706600000, 0x0000000706800000|  0%| F|  |TAMS 0x0000000706600000| PB 0x0000000706600000| Untracked 
|  21|0x0000000706800000, 0x0000000706800000, 0x0000000706a00000|  0%| F|  |TAMS 0x0000000706800000| PB 0x0000000706800000| Untracked 
|  22|0x0000000706a00000, 0x0000000706a00000, 0x0000000706c00000|  0%| F|  |TAMS 0x0000000706a00000| PB 0x0000000706a00000| Untracked 
|  23|0x0000000706c00000, 0x0000000706c00000, 0x0000000706e00000|  0%| F|  |TAMS 0x0000000706c00000| PB 0x0000000706c00000| Untracked 
|  24|0x0000000706e00000, 0x0000000706e00000, 0x0000000707000000|  0%| F|  |TAMS 0x0000000706e00000| PB 0x0000000706e00000| Untracked 
|  25|0x0000000707000000, 0x0000000707000000, 0x0000000707200000|  0%| F|  |TAMS 0x0000000707000000| PB 0x0000000707000000| Untracked 
|  26|0x0000000707200000, 0x0000000707200000, 0x0000000707400000|  0%| F|  |TAMS 0x0000000707200000| PB 0x0000000707200000| Untracked 
|  27|0x0000000707400000, 0x0000000707400000, 0x0000000707600000|  0%| F|  |TAMS 0x0000000707400000| PB 0x0000000707400000| Untracked 
|  28|0x0000000707600000, 0x0000000707600000, 0x0000000707800000|  0%| F|  |TAMS 0x0000000707600000| PB 0x0000000707600000| Untracked 
|  29|0x0000000707800000, 0x0000000707800000, 0x0000000707a00000|  0%| F|  |TAMS 0x0000000707800000| PB 0x0000000707800000| Untracked 
|  30|0x0000000707a00000, 0x0000000707a00000, 0x0000000707c00000|  0%| F|  |TAMS 0x0000000707a00000| PB 0x0000000707a00000| Untracked 
|  31|0x0000000707c00000, 0x0000000707c00000, 0x0000000707e00000|  0%| F|  |TAMS 0x0000000707c00000| PB 0x0000000707c00000| Untracked 
|  32|0x0000000707e00000, 0x0000000707e00000, 0x0000000708000000|  0%| F|  |TAMS 0x0000000707e00000| PB 0x0000000707e00000| Untracked 
|  33|0x0000000708000000, 0x0000000708000000, 0x0000000708200000|  0%| F|  |TAMS 0x0000000708000000| PB 0x0000000708000000| Untracked 
|  34|0x0000000708200000, 0x0000000708200000, 0x0000000708400000|  0%| F|  |TAMS 0x0000000708200000| PB 0x0000000708200000| Untracked 
|  35|0x0000000708400000, 0x0000000708400000, 0x0000000708600000|  0%| F|  |TAMS 0x0000000708400000| PB 0x0000000708400000| Untracked 
|  36|0x0000000708600000, 0x0000000708600000, 0x0000000708800000|  0%| F|  |TAMS 0x0000000708600000| PB 0x0000000708600000| Untracked 
|  37|0x0000000708800000, 0x0000000708800000, 0x0000000708a00000|  0%| F|  |TAMS 0x0000000708800000| PB 0x0000000708800000| Untracked 
|  38|0x0000000708a00000, 0x0000000708a00000, 0x0000000708c00000|  0%| F|  |TAMS 0x0000000708a00000| PB 0x0000000708a00000| Untracked 
|  39|0x0000000708c00000, 0x0000000708c00000, 0x0000000708e00000|  0%| F|  |TAMS 0x0000000708c00000| PB 0x0000000708c00000| Untracked 
|  40|0x0000000708e00000, 0x0000000708e00000, 0x0000000709000000|  0%| F|  |TAMS 0x0000000708e00000| PB 0x0000000708e00000| Untracked 
|  41|0x0000000709000000, 0x0000000709000000, 0x0000000709200000|  0%| F|  |TAMS 0x0000000709000000| PB 0x0000000709000000| Untracked 
|  42|0x0000000709200000, 0x0000000709200000, 0x0000000709400000|  0%| F|  |TAMS 0x0000000709200000| PB 0x0000000709200000| Untracked 
|  43|0x0000000709400000, 0x0000000709400000, 0x0000000709600000|  0%| F|  |TAMS 0x0000000709400000| PB 0x0000000709400000| Untracked 
|  44|0x0000000709600000, 0x0000000709600000, 0x0000000709800000|  0%| F|  |TAMS 0x0000000709600000| PB 0x0000000709600000| Untracked 
|  45|0x0000000709800000, 0x0000000709800000, 0x0000000709a00000|  0%| F|  |TAMS 0x0000000709800000| PB 0x0000000709800000| Untracked 
|  46|0x0000000709a00000, 0x0000000709a00000, 0x0000000709c00000|  0%| F|  |TAMS 0x0000000709a00000| PB 0x0000000709a00000| Untracked 
|  47|0x0000000709c00000, 0x0000000709c00000, 0x0000000709e00000|  0%| F|  |TAMS 0x0000000709c00000| PB 0x0000000709c00000| Untracked 
|  48|0x0000000709e00000, 0x0000000709e00000, 0x000000070a000000|  0%| F|  |TAMS 0x0000000709e00000| PB 0x0000000709e00000| Untracked 
|  49|0x000000070a000000, 0x000000070a00ee70, 0x000000070a200000|  2%| S|CS|TAMS 0x000000070a000000| PB 0x000000070a000000| Complete 
|  50|0x000000070a200000, 0x000000070a200000, 0x000000070a400000|  0%| F|  |TAMS 0x000000070a200000| PB 0x000000070a200000| Untracked 
|  51|0x000000070a400000, 0x000000070a600000, 0x000000070a600000|100%| S|CS|TAMS 0x000000070a400000| PB 0x000000070a400000| Complete 
|  52|0x000000070a600000, 0x000000070a600000, 0x000000070a800000|  0%| F|  |TAMS 0x000000070a600000| PB 0x000000070a600000| Untracked 
|  53|0x000000070a800000, 0x000000070a800000, 0x000000070aa00000|  0%| F|  |TAMS 0x000000070a800000| PB 0x000000070a800000| Untracked 
|  54|0x000000070aa00000, 0x000000070aa00000, 0x000000070ac00000|  0%| F|  |TAMS 0x000000070aa00000| PB 0x000000070aa00000| Untracked 
|  55|0x000000070ac00000, 0x000000070ac00000, 0x000000070ae00000|  0%| F|  |TAMS 0x000000070ac00000| PB 0x000000070ac00000| Untracked 
|  56|0x000000070ae00000, 0x000000070ae00000, 0x000000070b000000|  0%| F|  |TAMS 0x000000070ae00000| PB 0x000000070ae00000| Untracked 
|  57|0x000000070b000000, 0x000000070b000000, 0x000000070b200000|  0%| F|  |TAMS 0x000000070b000000| PB 0x000000070b000000| Untracked 
|  58|0x000000070b200000, 0x000000070b200000, 0x000000070b400000|  0%| F|  |TAMS 0x000000070b200000| PB 0x000000070b200000| Untracked 
|  59|0x000000070b400000, 0x000000070b400000, 0x000000070b600000|  0%| F|  |TAMS 0x000000070b400000| PB 0x000000070b400000| Untracked 
|  60|0x000000070b600000, 0x000000070b600000, 0x000000070b800000|  0%| F|  |TAMS 0x000000070b600000| PB 0x000000070b600000| Untracked 
|  61|0x000000070b800000, 0x000000070b800000, 0x000000070ba00000|  0%| F|  |TAMS 0x000000070b800000| PB 0x000000070b800000| Untracked 
|  62|0x000000070ba00000, 0x000000070ba00000, 0x000000070bc00000|  0%| F|  |TAMS 0x000000070ba00000| PB 0x000000070ba00000| Untracked 
|  63|0x000000070bc00000, 0x000000070bc00000, 0x000000070be00000|  0%| F|  |TAMS 0x000000070bc00000| PB 0x000000070bc00000| Untracked 
|  64|0x000000070be00000, 0x000000070be00000, 0x000000070c000000|  0%| F|  |TAMS 0x000000070be00000| PB 0x000000070be00000| Untracked 
|  65|0x000000070c000000, 0x000000070c000000, 0x000000070c200000|  0%| F|  |TAMS 0x000000070c000000| PB 0x000000070c000000| Untracked 
|  66|0x000000070c200000, 0x000000070c200000, 0x000000070c400000|  0%| F|  |TAMS 0x000000070c200000| PB 0x000000070c200000| Untracked 
|  67|0x000000070c400000, 0x000000070c400000, 0x000000070c600000|  0%| F|  |TAMS 0x000000070c400000| PB 0x000000070c400000| Untracked 
|  68|0x000000070c600000, 0x000000070c600000, 0x000000070c800000|  0%| F|  |TAMS 0x000000070c600000| PB 0x000000070c600000| Untracked 
|  69|0x000000070c800000, 0x000000070c800000, 0x000000070ca00000|  0%| F|  |TAMS 0x000000070c800000| PB 0x000000070c800000| Untracked 
|  70|0x000000070ca00000, 0x000000070ca00000, 0x000000070cc00000|  0%| F|  |TAMS 0x000000070ca00000| PB 0x000000070ca00000| Untracked 
|  71|0x000000070cc00000, 0x000000070cc00000, 0x000000070ce00000|  0%| F|  |TAMS 0x000000070cc00000| PB 0x000000070cc00000| Untracked 
|  72|0x000000070ce00000, 0x000000070ce00000, 0x000000070d000000|  0%| F|  |TAMS 0x000000070ce00000| PB 0x000000070ce00000| Untracked 
|  73|0x000000070d000000, 0x000000070d000000, 0x000000070d200000|  0%| F|  |TAMS 0x000000070d000000| PB 0x000000070d000000| Untracked 
|  74|0x000000070d200000, 0x000000070d200000, 0x000000070d400000|  0%| F|  |TAMS 0x000000070d200000| PB 0x000000070d200000| Untracked 
|  75|0x000000070d400000, 0x000000070d400000, 0x000000070d600000|  0%| F|  |TAMS 0x000000070d400000| PB 0x000000070d400000| Untracked 
|  76|0x000000070d600000, 0x000000070d600000, 0x000000070d800000|  0%| F|  |TAMS 0x000000070d600000| PB 0x000000070d600000| Untracked 
|  77|0x000000070d800000, 0x000000070d800000, 0x000000070da00000|  0%| F|  |TAMS 0x000000070d800000| PB 0x000000070d800000| Untracked 
|  78|0x000000070da00000, 0x000000070da00000, 0x000000070dc00000|  0%| F|  |TAMS 0x000000070da00000| PB 0x000000070da00000| Untracked 
|  79|0x000000070dc00000, 0x000000070dc00000, 0x000000070de00000|  0%| F|  |TAMS 0x000000070dc00000| PB 0x000000070dc00000| Untracked 
|  80|0x000000070de00000, 0x000000070de00000, 0x000000070e000000|  0%| F|  |TAMS 0x000000070de00000| PB 0x000000070de00000| Untracked 
|  81|0x000000070e000000, 0x000000070e000000, 0x000000070e200000|  0%| F|  |TAMS 0x000000070e000000| PB 0x000000070e000000| Untracked 
|  82|0x000000070e200000, 0x000000070e200000, 0x000000070e400000|  0%| F|  |TAMS 0x000000070e200000| PB 0x000000070e200000| Untracked 
|  83|0x000000070e400000, 0x000000070e400000, 0x000000070e600000|  0%| F|  |TAMS 0x000000070e400000| PB 0x000000070e400000| Untracked 
|  84|0x000000070e600000, 0x000000070e6f6cc0, 0x000000070e800000| 48%| E|  |TAMS 0x000000070e600000| PB 0x000000070e600000| Complete 
|  85|0x000000070e800000, 0x000000070ea00000, 0x000000070ea00000|100%| E|CS|TAMS 0x000000070e800000| PB 0x000000070e800000| Complete 
|  86|0x000000070ea00000, 0x000000070ec00000, 0x000000070ec00000|100%| E|CS|TAMS 0x000000070ea00000| PB 0x000000070ea00000| Complete 
|  87|0x000000070ec00000, 0x000000070ee00000, 0x000000070ee00000|100%| E|CS|TAMS 0x000000070ec00000| PB 0x000000070ec00000| Complete 
|  88|0x000000070ee00000, 0x000000070f000000, 0x000000070f000000|100%| E|CS|TAMS 0x000000070ee00000| PB 0x000000070ee00000| Complete 
|  89|0x000000070f000000, 0x000000070f200000, 0x000000070f200000|100%| E|CS|TAMS 0x000000070f000000| PB 0x000000070f000000| Complete 
|  90|0x000000070f200000, 0x000000070f400000, 0x000000070f400000|100%| E|CS|TAMS 0x000000070f200000| PB 0x000000070f200000| Complete 
|  91|0x000000070f400000, 0x000000070f600000, 0x000000070f600000|100%| E|CS|TAMS 0x000000070f400000| PB 0x000000070f400000| Complete 
|  92|0x000000070f600000, 0x000000070f800000, 0x000000070f800000|100%| E|CS|TAMS 0x000000070f600000| PB 0x000000070f600000| Complete 
|  93|0x000000070f800000, 0x000000070fa00000, 0x000000070fa00000|100%| E|CS|TAMS 0x000000070f800000| PB 0x000000070f800000| Complete 
|  94|0x000000070fa00000, 0x000000070fc00000, 0x000000070fc00000|100%| E|CS|TAMS 0x000000070fa00000| PB 0x000000070fa00000| Complete 
|  95|0x000000070fc00000, 0x000000070fe00000, 0x000000070fe00000|100%| E|CS|TAMS 0x000000070fc00000| PB 0x000000070fc00000| Complete 
|  96|0x000000070fe00000, 0x0000000710000000, 0x0000000710000000|100%| E|CS|TAMS 0x000000070fe00000| PB 0x000000070fe00000| Complete 
|  97|0x0000000710000000, 0x0000000710200000, 0x0000000710200000|100%| E|CS|TAMS 0x0000000710000000| PB 0x0000000710000000| Complete 
|  98|0x0000000710200000, 0x0000000710400000, 0x0000000710400000|100%| E|CS|TAMS 0x0000000710200000| PB 0x0000000710200000| Complete 
|  99|0x0000000710400000, 0x0000000710600000, 0x0000000710600000|100%| E|CS|TAMS 0x0000000710400000| PB 0x0000000710400000| Complete 
| 100|0x0000000710600000, 0x0000000710800000, 0x0000000710800000|100%| E|CS|TAMS 0x0000000710600000| PB 0x0000000710600000| Complete 
| 101|0x0000000710800000, 0x0000000710a00000, 0x0000000710a00000|100%| E|CS|TAMS 0x0000000710800000| PB 0x0000000710800000| Complete 
| 102|0x0000000710a00000, 0x0000000710c00000, 0x0000000710c00000|100%| E|CS|TAMS 0x0000000710a00000| PB 0x0000000710a00000| Complete 
| 103|0x0000000710c00000, 0x0000000710e00000, 0x0000000710e00000|100%| E|CS|TAMS 0x0000000710c00000| PB 0x0000000710c00000| Complete 
| 104|0x0000000710e00000, 0x0000000711000000, 0x0000000711000000|100%| E|CS|TAMS 0x0000000710e00000| PB 0x0000000710e00000| Complete 
| 105|0x0000000711000000, 0x0000000711200000, 0x0000000711200000|100%| E|CS|TAMS 0x0000000711000000| PB 0x0000000711000000| Complete 
| 106|0x0000000711200000, 0x0000000711400000, 0x0000000711400000|100%| E|CS|TAMS 0x0000000711200000| PB 0x0000000711200000| Complete 
| 107|0x0000000711400000, 0x0000000711600000, 0x0000000711600000|100%| E|CS|TAMS 0x0000000711400000| PB 0x0000000711400000| Complete 
| 108|0x0000000711600000, 0x0000000711800000, 0x0000000711800000|100%| E|CS|TAMS 0x0000000711600000| PB 0x0000000711600000| Complete 
| 109|0x0000000711800000, 0x0000000711a00000, 0x0000000711a00000|100%| E|CS|TAMS 0x0000000711800000| PB 0x0000000711800000| Complete 
| 110|0x0000000711a00000, 0x0000000711c00000, 0x0000000711c00000|100%| E|CS|TAMS 0x0000000711a00000| PB 0x0000000711a00000| Complete 
| 111|0x0000000711c00000, 0x0000000711e00000, 0x0000000711e00000|100%| E|CS|TAMS 0x0000000711c00000| PB 0x0000000711c00000| Complete 
| 112|0x0000000711e00000, 0x0000000712000000, 0x0000000712000000|100%| E|CS|TAMS 0x0000000711e00000| PB 0x0000000711e00000| Complete 
| 113|0x0000000712000000, 0x0000000712200000, 0x0000000712200000|100%| E|CS|TAMS 0x0000000712000000| PB 0x0000000712000000| Complete 
| 114|0x0000000712200000, 0x0000000712400000, 0x0000000712400000|100%| E|CS|TAMS 0x0000000712200000| PB 0x0000000712200000| Complete 
| 115|0x0000000712400000, 0x0000000712600000, 0x0000000712600000|100%| E|CS|TAMS 0x0000000712400000| PB 0x0000000712400000| Complete 
| 116|0x0000000712600000, 0x0000000712800000, 0x0000000712800000|100%| E|CS|TAMS 0x0000000712600000| PB 0x0000000712600000| Complete 
| 117|0x0000000712800000, 0x0000000712a00000, 0x0000000712a00000|100%| E|CS|TAMS 0x0000000712800000| PB 0x0000000712800000| Complete 
| 118|0x0000000712a00000, 0x0000000712c00000, 0x0000000712c00000|100%| E|CS|TAMS 0x0000000712a00000| PB 0x0000000712a00000| Complete 
| 119|0x0000000712c00000, 0x0000000712e00000, 0x0000000712e00000|100%| E|CS|TAMS 0x0000000712c00000| PB 0x0000000712c00000| Complete 
| 120|0x0000000712e00000, 0x0000000713000000, 0x0000000713000000|100%| E|CS|TAMS 0x0000000712e00000| PB 0x0000000712e00000| Complete 
| 121|0x0000000713000000, 0x0000000713200000, 0x0000000713200000|100%| E|CS|TAMS 0x0000000713000000| PB 0x0000000713000000| Complete 
| 122|0x0000000713200000, 0x0000000713400000, 0x0000000713400000|100%| E|CS|TAMS 0x0000000713200000| PB 0x0000000713200000| Complete 
| 123|0x0000000713400000, 0x0000000713600000, 0x0000000713600000|100%| E|CS|TAMS 0x0000000713400000| PB 0x0000000713400000| Complete 
| 124|0x0000000713600000, 0x0000000713800000, 0x0000000713800000|100%| E|CS|TAMS 0x0000000713600000| PB 0x0000000713600000| Complete 
| 125|0x0000000713800000, 0x0000000713a00000, 0x0000000713a00000|100%| E|CS|TAMS 0x0000000713800000| PB 0x0000000713800000| Complete 
| 126|0x0000000713a00000, 0x0000000713c00000, 0x0000000713c00000|100%| E|CS|TAMS 0x0000000713a00000| PB 0x0000000713a00000| Complete 

Card table byte_map: [0x00000131ff2b0000,0x00000131ffaa0000] _byte_map_base: 0x00000131fba91000

Marking Bits: (CMBitMap*) 0x00000131e67b87e0
 Bits: [0x0000013180000000, 0x0000013183f08000)

Polling page: 0x00000131e4ba0000

Metaspace:

Usage:
  Non-class:     10.60 MB used.
      Class:      1.07 MB used.
       Both:     11.67 MB used.

Virtual space:
  Non-class space:       64.00 MB reserved,      10.69 MB ( 17%) committed,  1 nodes.
      Class space:        1.00 GB reserved,       1.19 MB ( <1%) committed,  1 nodes.
             Both:        1.06 GB reserved,      11.88 MB (  1%) committed. 

Chunk freelists:
   Non-Class:  4.97 MB
       Class:  14.73 MB
        Both:  19.70 MB

MaxMetaspaceSize: unlimited
CompressedClassSpaceSize: 1.00 GB
Initial GC threshold: 21.00 MB
Current GC threshold: 21.00 MB
CDS: off
 - commit_granule_bytes: 65536.
 - commit_granule_words: 8192.
 - virtual_space_node_default_size: 8388608.
 - enlarge_chunks_in_place: 1.
 - use_allocation_guard: 0.


Internal statistics:

num_allocs_failed_limit: 0.
num_arena_births: 128.
num_arena_deaths: 0.
num_vsnodes_births: 2.
num_vsnodes_deaths: 0.
num_space_committed: 190.
num_space_uncommitted: 0.
num_chunks_returned_to_freelist: 0.
num_chunks_taken_from_freelist: 163.
num_chunk_merges: 0.
num_chunk_splits: 100.
num_chunks_enlarged: 61.
num_inconsistent_stats: 0.

CodeHeap 'non-profiled nmethods': size=120000Kb used=299Kb max_used=299Kb free=119700Kb
 bounds [0x00000131f6b30000, 0x00000131f6da0000, 0x00000131fe060000]
CodeHeap 'profiled nmethods': size=120000Kb used=1107Kb max_used=1107Kb free=118892Kb
 bounds [0x00000131ef060000, 0x00000131ef2d0000, 0x00000131f6590000]
CodeHeap 'non-nmethods': size=5760Kb used=1364Kb max_used=1414Kb free=4396Kb
 bounds [0x00000131f6590000, 0x00000131f6800000, 0x00000131f6b30000]
 total_blobs=1161 nmethods=692 adapters=374
 compilation: enabled
              stopped_count=0, restarted_count=0
 full_count=0

Compilation events (20 events):
Event: 33.178 Thread 0x00000131864f5120  680   !   4       com.jprofiler.agent.probe.g.c::a (78 bytes)
Event: 33.179 Thread 0x00000131864f5120 nmethod 680 0x00000131f6b78b10 code [0x00000131f6b78ca0, 0x00000131f6b78d50]
Event: 47.904 Thread 0x00000131864f6360  681       3       com.jprofiler.agent.probe.f.i::a (42 bytes)
Event: 47.905 Thread 0x00000131864f6360 nmethod 681 0x00000131ef16ea10 code [0x00000131ef16ec00, 0x00000131ef16f068]
Event: 54.942 Thread 0x00000131864f6360  682   !   3       com.jprofiler.agent.probe.ProbeHandler::getProbeRecording (178 bytes)
Event: 54.946 Thread 0x00000131864f6360 nmethod 682 0x00000131ef16f210 code [0x00000131ef16f680, 0x00000131ef171998]
Event: 57.518 Thread 0x00000131864f5120  683       4       java.util.concurrent.ConcurrentHashMap::spread (10 bytes)
Event: 57.519 Thread 0x00000131864f5120 nmethod 683 0x00000131f6b78e10 code [0x00000131f6b78f80, 0x00000131f6b78ff8]
Event: 57.521 Thread 0x00000131864f6360  686       3       java.lang.invoke.InvokerBytecodeGenerator::emitPushArgument (150 bytes)
Event: 57.523 Thread 0x00000131864f6360 nmethod 686 0x00000131ef172810 code [0x00000131ef172b00, 0x00000131ef1738f8]
Event: 57.523 Thread 0x00000131864f6360  687       3       jdk.internal.org.objectweb.asm.Frame::push (59 bytes)
Event: 57.524 Thread 0x00000131864f6360 nmethod 687 0x00000131ef173c90 code [0x00000131ef173ee0, 0x00000131ef1746c0]
Event: 77.511 Thread 0x00000131864f5120  691       4       com.jprofiler.agent.util.a.a.b.h::c (49 bytes)
Event: 77.511 Thread 0x00000131864f5120 nmethod 691 0x00000131f6b7a110 code [0x00000131f6b7a280, 0x00000131f6b7a328]
Event: 77.511 Thread 0x00000131864f5120  690       4       com.jprofiler.agent.probe.b::expungeStaleEntries (1 bytes)
Event: 77.511 Thread 0x00000131864f5120 nmethod 690 0x00000131f6b7a410 code [0x00000131f6b7a5a0, 0x00000131f6b7a628]
Event: 84.517 Thread 0x00000131864f5120  692       4       java.util.concurrent.atomic.AtomicInteger::incrementAndGet (14 bytes)
Event: 84.520 Thread 0x00000131864f5120 nmethod 692 0x00000131f6b7a710 code [0x00000131f6b7a8a0, 0x00000131f6b7a938]
Event: 90.521 Thread 0x00000131864f6360  694       3       java.util.ArrayList::isEmpty (13 bytes)
Event: 90.521 Thread 0x00000131864f6360 nmethod 694 0x00000131ef174a10 code [0x00000131ef174ba0, 0x00000131ef174d10]

GC Heap History (8 events):
Event: 1.368 GC heap before
{Heap before GC invocations=0 (full 0):
 garbage-first heap   total 260096K, used 22528K [0x0000000703e00000, 0x0000000800000000)
  region size 2048K, 11 young (22528K), 0 survivors (0K)
 Metaspace       used 11867K, committed 12096K, reserved 1114112K
  class space    used 1092K, committed 1216K, reserved 1048576K
}
Event: 1.371 GC heap after
{Heap after GC invocations=1 (full 0):
 garbage-first heap   total 260096K, used 2038K [0x0000000703e00000, 0x0000000800000000)
  region size 2048K, 1 young (2048K), 1 survivors (2048K)
 Metaspace       used 11867K, committed 12096K, reserved 1114112K
  class space    used 1092K, committed 1216K, reserved 1048576K
}
Event: 1.480 GC heap before
{Heap before GC invocations=1 (full 0):
 garbage-first heap   total 260096K, used 38902K [0x0000000703e00000, 0x0000000800000000)
  region size 2048K, 19 young (38912K), 1 survivors (2048K)
 Metaspace       used 11869K, committed 12096K, reserved 1114112K
  class space    used 1092K, committed 1216K, reserved 1048576K
}
Event: 1.483 GC heap after
{Heap after GC invocations=2 (full 0):
 garbage-first heap   total 260096K, used 2048K [0x0000000703e00000, 0x0000000800000000)
  region size 2048K, 1 young (2048K), 1 survivors (2048K)
 Metaspace       used 11869K, committed 12096K, reserved 1114112K
  class space    used 1092K, committed 1216K, reserved 1048576K
}
Event: 1.899 GC heap before
{Heap before GC invocations=2 (full 0):
 garbage-first heap   total 260096K, used 155648K [0x0000000703e00000, 0x0000000800000000)
  region size 2048K, 76 young (155648K), 1 survivors (2048K)
 Metaspace       used 11869K, committed 12096K, reserved 1114112K
  class space    used 1092K, committed 1216K, reserved 1048576K
}
Event: 1.902 GC heap after
{Heap after GC invocations=3 (full 0):
 garbage-first heap   total 260096K, used 2041K [0x0000000703e00000, 0x0000000800000000)
  region size 2048K, 1 young (2048K), 1 survivors (2048K)
 Metaspace       used 11869K, committed 12096K, reserved 1114112K
  class space    used 1092K, committed 1216K, reserved 1048576K
}
Event: 2.249 GC heap before
{Heap before GC invocations=3 (full 0):
 garbage-first heap   total 260096K, used 155641K [0x0000000703e00000, 0x0000000800000000)
  region size 2048K, 76 young (155648K), 1 survivors (2048K)
 Metaspace       used 11869K, committed 12096K, reserved 1114112K
  class space    used 1092K, committed 1216K, reserved 1048576K
}
Event: 2.252 GC heap after
{Heap after GC invocations=4 (full 0):
 garbage-first heap   total 260096K, used 2107K [0x0000000703e00000, 0x0000000800000000)
  region size 2048K, 2 young (4096K), 2 survivors (4096K)
 Metaspace       used 11869K, committed 12096K, reserved 1114112K
  class space    used 1092K, committed 1216K, reserved 1048576K
}

Dll operation events (9 events):
Event: 0.021 Loaded shared library C:\Program Files\Java\jdk-21\bin\java.dll
Event: 0.024 Loaded shared library C:\Program Files\Java\jdk-21\bin\zip.dll
Event: 0.115 Loaded shared library C:\Program Files\Java\jdk-21\bin\jsvml.dll
Event: 0.260 Loaded shared library C:\Program Files\Java\jdk-21\bin\jimage.dll
Event: 0.277 Loaded shared library C:\Program Files\Java\jdk-21\bin\net.dll
Event: 0.279 Loaded shared library C:\Program Files\Java\jdk-21\bin\nio.dll
Event: 0.288 Loaded shared library C:\Program Files\Java\jdk-21\bin\zip.dll
Event: 1.213 Loaded shared library C:\Program Files\Java\jdk-21\bin\management.dll
Event: 1.226 Loaded shared library C:\Program Files\Java\jdk-21\bin\management_ext.dll

Deoptimization events (20 events):
Event: 1.375 Thread 0x00000131e6ccacd0 DEOPT PACKING pc=0x00000131ef15a399 sp=0x0000001f879ff1b0
Event: 1.375 Thread 0x00000131e6ccacd0 DEOPT UNPACKING pc=0x00000131f65e4e42 sp=0x0000001f879fe710 mode 0
Event: 2.248 Thread 0x00000131e6ccacd0 Uncommon trap: trap_request=0xffffff45 fr.pc=0x00000131f6b688dc relative=0x0000000000000ddc
Event: 2.248 Thread 0x00000131e6ccacd0 Uncommon trap: reason=unstable_if action=reinterpret pc=0x00000131f6b688dc method=java.util.Random.nextInt(I)I @ 58 c2
Event: 2.248 Thread 0x00000131e6ccacd0 DEOPT PACKING pc=0x00000131f6b688dc sp=0x0000001f879ff230
Event: 2.248 Thread 0x00000131e6ccacd0 DEOPT UNPACKING pc=0x00000131f65e46a2 sp=0x0000001f879ff190 mode 2
Event: 2.281 Thread 0x00000131e6ccacd0 DEOPT PACKING pc=0x00000131ef15e279 sp=0x0000001f879ff1b0
Event: 2.281 Thread 0x00000131e6ccacd0 DEOPT UNPACKING pc=0x00000131f65e4e42 sp=0x0000001f879fe710 mode 0
Event: 2.455 Thread 0x00000131e6ccacd0 Uncommon trap: trap_request=0xffffff45 fr.pc=0x00000131f6b74900 relative=0x0000000000001100
Event: 2.455 Thread 0x00000131e6ccacd0 Uncommon trap: reason=unstable_if action=reinterpret pc=0x00000131f6b74900 method=uvg.edu.gt.App.main([Ljava/lang/String;)V @ 28 c2
Event: 2.455 Thread 0x00000131e6ccacd0 DEOPT PACKING pc=0x00000131f6b74900 sp=0x0000001f879ff230
Event: 2.455 Thread 0x00000131e6ccacd0 DEOPT UNPACKING pc=0x00000131f65e46a2 sp=0x0000001f879ff210 mode 2
Event: 61.373 Thread 0x00000131869154a0 Uncommon trap: trap_request=0xffffff45 fr.pc=0x00000131f6b56518 relative=0x0000000000000078
Event: 61.373 Thread 0x00000131869154a0 Uncommon trap: reason=unstable_if action=reinterpret pc=0x00000131f6b56518 method=com.jprofiler.agent.AllocationCallee.__ejt_alloc(Ljava/lang/Object;)V @ 3 c2
Event: 61.373 Thread 0x00000131869154a0 DEOPT PACKING pc=0x00000131f6b56518 sp=0x0000001f889fef70
Event: 61.373 Thread 0x00000131869154a0 DEOPT UNPACKING pc=0x00000131f65e46a2 sp=0x0000001f889feea8 mode 2
Event: 61.373 Thread 0x00000131869154a0 Uncommon trap: trap_request=0xffffff45 fr.pc=0x00000131f6b65c78 relative=0x0000000000000058
Event: 61.373 Thread 0x00000131869154a0 Uncommon trap: reason=unstable_if action=reinterpret pc=0x00000131f6b65c78 method=com.jprofiler.agent.AllocationCallee.__ejt_alloc(Ljava/lang/Object;)V @ 3 c2
Event: 61.373 Thread 0x00000131869154a0 DEOPT PACKING pc=0x00000131f6b65c78 sp=0x0000001f889fecd0
Event: 61.373 Thread 0x00000131869154a0 DEOPT UNPACKING pc=0x00000131f65e46a2 sp=0x0000001f889fec68 mode 2

Classes loaded (20 events):
Event: 1.310 Loading class java/util/Collections$2
Event: 1.310 Loading class java/util/Collections$2 done
Event: 1.311 Loading class com/jprofiler/agent/triggers/ThresholdManager
Event: 1.312 Loading class com/jprofiler/agent/triggers/ThresholdManager done
Event: 1.312 Loading class jdk/internal/event/ThreadSleepEvent
Event: 1.312 Loading class jdk/internal/event/ThreadSleepEvent done
Event: 2.455 Loading class java/util/IdentityHashMap$KeyIterator
Event: 2.455 Loading class java/util/IdentityHashMap$IdentityHashMapIterator
Event: 2.455 Loading class java/util/IdentityHashMap$IdentityHashMapIterator done
Event: 2.455 Loading class java/util/IdentityHashMap$KeyIterator done
Event: 2.456 Loading class java/lang/Shutdown
Event: 2.456 Loading class java/lang/Shutdown done
Event: 2.456 Loading class java/lang/Shutdown$Lock
Event: 2.456 Loading class java/lang/Shutdown$Lock done
Event: 17.080 Loading class java/util/LinkedList$ListItr
Event: 17.080 Loading class java/util/LinkedList$ListItr done
Event: 57.517 Loading class com/jprofiler/agent/InstrumentationCallee$1
Event: 57.517 Loading class com/jprofiler/agent/InstrumentationCallee$1 done
Event: 57.519 Loading class jdk/internal/reflect/MethodHandleBooleanFieldAccessorImpl
Event: 57.520 Loading class jdk/internal/reflect/MethodHandleBooleanFieldAccessorImpl done

Classes unloaded (0 events):
No events

Classes redefined (10 events):
Event: 0.452 Thread 0x000001318637aef0 redefined class name=java.io.RandomAccessFile, count=1
Event: 0.452 Thread 0x000001318637aef0 redefined class name=sun.nio.fs.WindowsNativeDispatcher, count=1
Event: 0.452 Thread 0x000001318637aef0 redefined class name=java.io.FileOutputStream, count=1
Event: 0.452 Thread 0x000001318637aef0 redefined class name=java.io.FileInputStream, count=1
Event: 0.452 Thread 0x000001318637aef0 redefined class name=java.util.concurrent.locks.LockSupport, count=1
Event: 0.453 Thread 0x000001318637aef0 redefined class name=java.lang.VirtualThread, count=1
Event: 0.453 Thread 0x000001318637aef0 redefined class name=java.lang.Thread, count=1
Event: 0.453 Thread 0x000001318637aef0 redefined class name=java.lang.Object, count=1
Event: 1.144 Thread 0x000001318637aef0 redefined class name=java.util.concurrent.ForkJoinPool, count=1
Event: 1.164 Thread 0x000001318637aef0 redefined class name=java.util.concurrent.ScheduledThreadPoolExecutor, count=1

Internal exceptions (20 events):
Event: 0.231 Thread 0x00000131e6ccacd0 Exception <a 'java/lang/NoSuchMethodError'{0x0000000713881c10}: 'int java.lang.invoke.DirectMethodHandle$Holder.invokeSpecial(java.lang.Object, java.lang.Object, java.lang.Object, int)'> (0x0000000713881c10) 
thrown [s\open\src\hotspot\share\interpreter\linkResolver.cpp, line 773]
Event: 0.236 Thread 0x00000131e6ccacd0 Exception <a 'java/lang/NoSuchMethodError'{0x000000071389f3d0}: 'java.lang.Object java.lang.invoke.DelegatingMethodHandle$Holder.reinvoke_L(java.lang.Object, int, java.lang.Object, java.lang.Object, java.lang.Object)'> (0x000000071389f3d0) 
thrown [s\open\src\hotspot\share\interpreter\linkResolver.cpp, line 773]
Event: 0.240 Thread 0x00000131e6ccacd0 Exception <a 'java/lang/NoSuchMethodError'{0x00000007138b5870}: 'int java.lang.invoke.DirectMethodHandle$Holder.invokeSpecial(java.lang.Object, java.lang.Object, java.lang.Object)'> (0x00000007138b5870) 
thrown [s\open\src\hotspot\share\interpreter\linkResolver.cpp, line 773]
Event: 0.242 Thread 0x00000131e6ccacd0 Exception <a 'java/lang/NoSuchMethodError'{0x00000007138c1170}: 'java.lang.Object java.lang.invoke.DirectMethodHandle$Holder.invokeStatic(java.lang.Object, java.lang.Object, int)'> (0x00000007138c1170) 
thrown [s\open\src\hotspot\share\interpreter\linkResolver.cpp, line 773]
Event: 0.244 Thread 0x00000131e6ccacd0 Exception <a 'java/lang/NoSuchMethodError'{0x00000007138cc5e0}: 'void java.lang.invoke.DelegatingMethodHandle$Holder.delegate(java.lang.Object, java.lang.Object, int, java.lang.Object)'> (0x00000007138cc5e0) 
thrown [s\open\src\hotspot\share\interpreter\linkResolver.cpp, line 773]
Event: 0.294 Thread 0x00000131e6ccacd0 Exception <a 'java/lang/NoSuchMethodError'{0x0000000713903238}: 'java.lang.Object java.lang.invoke.DirectMethodHandle$Holder.newInvokeSpecial(java.lang.Object, java.lang.Object, java.lang.Object, int, java.lang.Object)'> (0x0000000713903238) 
thrown [s\open\src\hotspot\share\interpreter\linkResolver.cpp, line 773]
Event: 0.332 Thread 0x00000131e6ccacd0 Exception <a 'java/lang/NoSuchMethodError'{0x000000071394c6d0}: 'void java.lang.invoke.DirectMethodHandle$Holder.invokeSpecial(java.lang.Object, java.lang.Object, java.lang.Object)'> (0x000000071394c6d0) 
thrown [s\open\src\hotspot\share\interpreter\linkResolver.cpp, line 773]
Event: 0.333 Thread 0x00000131e6ccacd0 Exception <a 'java/lang/NoSuchMethodError'{0x0000000713953478}: 'void java.lang.invoke.Invokers$Holder.invokeExact_MT(java.lang.Object, java.lang.Object, java.lang.Object)'> (0x0000000713953478) 
thrown [s\open\src\hotspot\share\interpreter\linkResolver.cpp, line 773]
Event: 0.336 Thread 0x00000131e6ccacd0 Exception <a 'java/lang/ClassNotFoundException'{0x000000071395c100}: com/jprofiler/agent/callee/PM5Callee> (0x000000071395c100) 
thrown [s\open\src\hotspot\share\classfile\systemDictionary.cpp, line 312]
Event: 0.405 Thread 0x00000131e6ccacd0 Exception <a 'java/lang/NoSuchMethodError'{0x00000007136b2df8}: 'java.lang.Object java.lang.invoke.DirectMethodHandle$Holder.invokeStaticInit(java.lang.Object, int, int, int, int)'> (0x00000007136b2df8) 
thrown [s\open\src\hotspot\share\interpreter\linkResolver.cpp, line 773]
Event: 0.429 Thread 0x00000131e6ccacd0 Exception <a 'java/lang/NoSuchMethodError'{0x00000007136dfde0}: 'java.lang.Object java.lang.invoke.DirectMethodHandle$Holder.invokeStaticInit(java.lang.Object, java.lang.Object, int, int, int, int)'> (0x00000007136dfde0) 
thrown [s\open\src\hotspot\share\interpreter\linkResolver.cpp, line 773]
Event: 0.434 Thread 0x00000131e6ccacd0 Exception <a 'java/lang/ClassNotFoundException'{0x00000007136ed240}: java/util/concurrent/FutureTask$Sync> (0x00000007136ed240) 
thrown [s\open\src\hotspot\share\classfile\systemDictionary.cpp, line 312]
Event: 0.434 Thread 0x00000131e6ccacd0 Exception <a 'java/lang/ClassNotFoundException'{0x00000007136ed6b0}: sun/misc/Perf> (0x00000007136ed6b0) 
thrown [s\open\src\hotspot\share\classfile\systemDictionary.cpp, line 312]
Event: 0.437 Thread 0x00000131e6ccacd0 Exception <a 'java/lang/NoSuchMethodError'{0x00000007136f9b50}: 'java.lang.Object java.lang.invoke.DelegatingMethodHandle$Holder.reinvoke_L(java.lang.Object, java.lang.Object, java.lang.Object, int, int, java.lang.Object, int)'> (0x00000007136f9b50) 
thrown [s\open\src\hotspot\share\interpreter\linkResolver.cpp, line 773]
Event: 0.441 Thread 0x00000131e6ccacd0 Exception <a 'java/lang/NoClassDefFoundError'{0x000000071370e248}: sun/misc/VMSupport> (0x000000071370e248) 
thrown [s\open\src\hotspot\share\classfile\systemDictionary.cpp, line 310]
Event: 1.125 Thread 0x000001318b240a80 Exception <a 'java/lang/NoSuchMethodError'{0x00000007137c9b98}: 'void java.lang.invoke.DirectMethodHandle$Holder.invokeStatic(java.lang.Object, java.lang.Object, java.lang.Object)'> (0x00000007137c9b98) 
thrown [s\open\src\hotspot\share\interpreter\linkResolver.cpp, line 773]
Event: 1.126 Thread 0x000001318b240a80 Exception <a 'java/lang/NoSuchMethodError'{0x00000007137cceb0}: 'void java.lang.invoke.DirectMethodHandle$Holder.invokeStaticInit(java.lang.Object, java.lang.Object, java.lang.Object)'> (0x00000007137cceb0) 
thrown [s\open\src\hotspot\share\interpreter\linkResolver.cpp, line 773]
Event: 1.157 Thread 0x000001318b240a80 Exception <a 'java/lang/NoSuchMethodError'{0x00000007137d56a8}: 'int java.lang.invoke.DirectMethodHandle$Holder.invokeStaticInit(java.lang.Object, java.lang.Object)'> (0x00000007137d56a8) 
thrown [s\open\src\hotspot\share\interpreter\linkResolver.cpp, line 773]
Event: 57.520 Thread 0x000001318b129a10 Exception <a 'java/lang/NoSuchMethodError'{0x000000070e803bd8}: 'void java.lang.invoke.DirectMethodHandle$Holder.invokeSpecial(java.lang.Object, java.lang.Object, int)'> (0x000000070e803bd8) 
thrown [s\open\src\hotspot\share\interpreter\linkResolver.cpp, line 773]
Event: 57.521 Thread 0x000001318b129a10 Exception <a 'java/lang/NoSuchMethodError'{0x000000070e806e98}: 'void java.lang.invoke.Invokers$Holder.invokeExact_MT(java.lang.Object, int, java.lang.Object)'> (0x000000070e806e98) 
thrown [s\open\src\hotspot\share\interpreter\linkResolver.cpp, line 773]

ZGC Phase Switch (0 events):
No events

VM Operations (20 events):
Event: 46.671 Executing VM operation: HandshakeAllThreads (EscapeBarrierSuspendAll)
Event: 46.671 Executing VM operation: HandshakeAllThreads (EscapeBarrierSuspendAll) done
Event: 46.671 Executing VM operation: HeapIterateOperation
Event: 46.834 Executing VM operation: HeapIterateOperation done
Event: 47.316 Executing VM operation: HandshakeAllThreads (EscapeBarrierSuspendAll)
Event: 47.316 Executing VM operation: HandshakeAllThreads (EscapeBarrierSuspendAll) done
Event: 47.316 Executing VM operation: HeapIterateOperation
Event: 47.480 Executing VM operation: HeapIterateOperation done
Event: 49.315 Executing VM operation: HandshakeAllThreads (EscapeBarrierSuspendAll)
Event: 49.315 Executing VM operation: HandshakeAllThreads (EscapeBarrierSuspendAll) done
Event: 49.316 Executing VM operation: HeapIterateOperation
Event: 49.454 Executing VM operation: HeapIterateOperation done
Event: 51.316 Executing VM operation: HandshakeAllThreads (EscapeBarrierSuspendAll)
Event: 51.316 Executing VM operation: HandshakeAllThreads (EscapeBarrierSuspendAll) done
Event: 51.316 Executing VM operation: HeapIterateOperation
Event: 51.455 Executing VM operation: HeapIterateOperation done
Event: 58.459 Executing VM operation: Cleanup
Event: 58.459 Executing VM operation: Cleanup done
Event: 61.460 Executing VM operation: Cleanup
Event: 61.460 Executing VM operation: Cleanup done

Events (20 events):
Event: 0.111 Thread 0x00000131863fdcb0 Thread added: 0x00000131863fdcb0
Event: 0.111 Thread 0x00000131864bbee0 Thread added: 0x00000131864bbee0
Event: 0.113 Thread 0x00000131864cd6c0 Thread added: 0x00000131864cd6c0
Event: 0.113 Thread 0x00000131864bd8d0 Thread added: 0x00000131864bd8d0
Event: 0.113 Thread 0x00000131864cbbe0 Thread added: 0x00000131864cbbe0
Event: 0.113 Thread 0x00000131864f0a20 Thread added: 0x00000131864f0a20
Event: 0.113 Thread 0x00000131864f5120 Thread added: 0x00000131864f5120
Event: 0.113 Thread 0x00000131864f6360 Thread added: 0x00000131864f6360
Event: 0.205 Thread 0x00000131869154a0 Thread added: 0x00000131869154a0
Event: 0.454 Thread 0x000001318b129a10 Thread added: 0x000001318b129a10
Event: 1.090 Thread 0x000001318b240a80 Thread added: 0x000001318b240a80
Event: 1.140 Thread 0x000001318b4b57d0 Thread added: 0x000001318b4b57d0
Event: 1.169 Thread 0x000001318b490130 Thread added: 0x000001318b490130
Event: 1.209 Thread 0x000001318b5b0c90 Thread added: 0x000001318b5b0c90
Event: 1.209 Thread 0x000001318b5ad8e0 Thread added: 0x000001318b5ad8e0
Event: 1.257 Thread 0x000001318b809b40 Thread added: 0x000001318b809b40
Event: 1.514 Thread 0x000001318b809b40 Thread exited: 0x000001318b809b40
Event: 2.088 Thread 0x000001318b4b57d0 Thread exited: 0x000001318b4b57d0
Event: 2.456 Thread 0x00000131e6ccacd0 Thread exited: 0x00000131e6ccacd0
Event: 2.456 Thread 0x00000131e6ccacd0 Thread added: 0x00000131e6ccacd0


Dynamic libraries:
0x00007ff7970a0000 - 0x00007ff7970b0000 	C:\Program Files\Java\jdk-21\bin\javaw.exe
0x00007ffff4540000 - 0x00007ffff4749000 	C:\WINDOWS\SYSTEM32\ntdll.dll
0x00007ffff3630000 - 0x00007ffff36ed000 	C:\WINDOWS\System32\KERNEL32.DLL
0x00007ffff1ee0000 - 0x00007ffff2264000 	C:\WINDOWS\System32\KERNELBASE.dll
0x00007fffee4e0000 - 0x00007fffee572000 	C:\WINDOWS\SYSTEM32\apphelp.dll
0x0000000076090000 - 0x00000000763c2000 	C:\Program Files\Norton Security\NortonData\22.20.5.39\Definitions\IPSDefs\20240207.064\IPSEng64.dll
0x00007ffff3900000 - 0x00007ffff39ae000 	C:\WINDOWS\System32\ADVAPI32.dll
0x00007ffff4000000 - 0x00007ffff40a3000 	C:\WINDOWS\System32\msvcrt.dll
0x00007ffff2920000 - 0x00007ffff29be000 	C:\WINDOWS\System32\sechost.dll
0x00007ffff37a0000 - 0x00007ffff38c1000 	C:\WINDOWS\System32\RPCRT4.dll
0x00007ffff2810000 - 0x00007ffff2818000 	C:\WINDOWS\System32\PSAPI.DLL
0x00007ffff2270000 - 0x00007ffff2381000 	C:\WINDOWS\System32\ucrtbase.dll
0x00007fffdeec0000 - 0x00007fffdeed9000 	C:\Program Files\Java\jdk-21\bin\jli.dll
0x00007fffee5e0000 - 0x00007fffee5fb000 	C:\Program Files\Java\jdk-21\bin\VCRUNTIME140.dll
0x00007ffff4260000 - 0x00007ffff440d000 	C:\WINDOWS\System32\USER32.dll
0x00007ffff1cd0000 - 0x00007ffff1cf6000 	C:\WINDOWS\System32\win32u.dll
0x00007ffff38d0000 - 0x00007ffff38fa000 	C:\WINDOWS\System32\GDI32.dll
0x00007ffff19d0000 - 0x00007ffff1aee000 	C:\WINDOWS\System32\gdi32full.dll
0x00007fffdc040000 - 0x00007fffdc2e5000 	C:\WINDOWS\WinSxS\amd64_microsoft.windows.common-controls_6595b64144ccf1df_6.0.22000.120_none_9d947278b86cc467\COMCTL32.dll
0x00007ffff1af0000 - 0x00007ffff1b8d000 	C:\WINDOWS\System32\msvcp_win.dll
0x00007fffe9290000 - 0x00007fffe929a000 	C:\WINDOWS\SYSTEM32\VERSION.dll
0x00007ffff2c10000 - 0x00007ffff2c41000 	C:\WINDOWS\System32\IMM32.DLL
0x00007fffee860000 - 0x00007fffee86c000 	C:\Program Files\Java\jdk-21\bin\vcruntime140_1.dll
0x00007fffd60e0000 - 0x00007fffd616e000 	C:\Program Files\Java\jdk-21\bin\msvcp140.dll
0x00007fffaa350000 - 0x00007fffab065000 	C:\Program Files\Java\jdk-21\bin\server\jvm.dll
0x00007ffff4490000 - 0x00007ffff44ff000 	C:\WINDOWS\System32\WS2_32.dll
0x00007ffff0c60000 - 0x00007ffff0cad000 	C:\WINDOWS\SYSTEM32\POWRPROF.dll
0x00007fffeb2e0000 - 0x00007fffeb313000 	C:\WINDOWS\SYSTEM32\WINMM.dll
0x00007ffff0c40000 - 0x00007ffff0c53000 	C:\WINDOWS\SYSTEM32\UMPDC.dll
0x00007ffff0a40000 - 0x00007ffff0a58000 	C:\WINDOWS\SYSTEM32\kernel.appcore.dll
0x00007fffed1b0000 - 0x00007fffed1ba000 	C:\Program Files\Java\jdk-21\bin\jimage.dll
0x00007fffef3e0000 - 0x00007fffef601000 	C:\WINDOWS\SYSTEM32\DBGHELP.DLL
0x00007fffe9410000 - 0x00007fffe9441000 	C:\WINDOWS\SYSTEM32\dbgcore.DLL
0x00007ffff1b90000 - 0x00007ffff1c0f000 	C:\WINDOWS\System32\bcryptPrimitives.dll
0x00007fffac310000 - 0x00007fffac4eb000 	C:\Program Files\jprofiler14\bin\windows-x64\jprofilerti.dll
0x00007fffddd30000 - 0x00007fffddd4f000 	C:\Program Files\Java\jdk-21\bin\java.dll
0x00007fffdcd10000 - 0x00007fffdcd28000 	C:\Program Files\Java\jdk-21\bin\zip.dll
0x00007ffff2e00000 - 0x00007ffff35c5000 	C:\WINDOWS\System32\SHELL32.dll
0x00007fffefaa0000 - 0x00007ffff0302000 	C:\WINDOWS\SYSTEM32\windows.storage.dll
0x00007ffff39b0000 - 0x00007ffff3d26000 	C:\WINDOWS\System32\combase.dll
0x00007fffef930000 - 0x00007fffefa97000 	C:\WINDOWS\SYSTEM32\wintypes.dll
0x00007ffff2830000 - 0x00007ffff291a000 	C:\WINDOWS\System32\SHCORE.dll
0x00007ffff35d0000 - 0x00007ffff362d000 	C:\WINDOWS\System32\shlwapi.dll
0x00007ffff1900000 - 0x00007ffff1925000 	C:\WINDOWS\SYSTEM32\profapi.dll
0x00007fffaed50000 - 0x00007fffaee27000 	C:\Program Files\Java\jdk-21\bin\jsvml.dll
0x00007fffebd20000 - 0x00007fffebd30000 	C:\Program Files\Java\jdk-21\bin\net.dll
0x00007fffeb6b0000 - 0x00007fffeb7c4000 	C:\WINDOWS\SYSTEM32\WINHTTP.dll
0x00007ffff0fe0000 - 0x00007ffff1047000 	C:\WINDOWS\system32\mswsock.dll
0x00007fffd60c0000 - 0x00007fffd60d6000 	C:\Program Files\Java\jdk-21\bin\nio.dll
0x00007ffff1220000 - 0x00007ffff1238000 	C:\WINDOWS\SYSTEM32\CRYPTSP.dll
0x00007ffff09a0000 - 0x00007ffff09d5000 	C:\WINDOWS\system32\rsaenh.dll
0x00007ffff10d0000 - 0x00007ffff10fc000 	C:\WINDOWS\SYSTEM32\USERENV.dll
0x00007ffff13a0000 - 0x00007ffff13c7000 	C:\WINDOWS\SYSTEM32\bcrypt.dll
0x00007ffff1240000 - 0x00007ffff124c000 	C:\WINDOWS\SYSTEM32\CRYPTBASE.dll
0x00007ffff0550000 - 0x00007ffff057d000 	C:\WINDOWS\SYSTEM32\IPHLPAPI.DLL
0x00007ffff2820000 - 0x00007ffff2829000 	C:\WINDOWS\System32\NSI.dll
0x00007fffe2d60000 - 0x00007fffe2d6a000 	C:\Program Files\Java\jdk-21\bin\management.dll
0x00007fffdeeb0000 - 0x00007fffdeebb000 	C:\Program Files\Java\jdk-21\bin\management_ext.dll

dbghelp: loaded successfully - version: 4.0.5 - missing functions: none
symbol engine: initialized successfully - sym options: 0x614 - pdb path: .;C:\Program Files\Java\jdk-21\bin;C:\WINDOWS\SYSTEM32;C:\Program Files\Norton Security\NortonData\22.20.5.39\Definitions\IPSDefs\20240207.064;C:\WINDOWS\WinSxS\amd64_microsoft.windows.common-controls_6595b64144ccf1df_6.0.22000.120_none_9d947278b86cc467;C:\Program Files\Java\jdk-21\bin\server;C:\Program Files\jprofiler14\bin\windows-x64

VM Arguments:
jvm_args: -agentpath:C:\Program Files\jprofiler14\bin\windows-x64\jprofilerti.dll=port=56970,loopback 
java_command: uvg.edu.gt.App
java_class_path (initial): C:\Users\cjvil\IdeaProjects\hdt3_sort\target\classes
Launcher Type: SUN_STANDARD

[Global flags]
     intx CICompilerCount                          = 4                                         {product} {ergonomic}
     uint ConcGCThreads                            = 2                                         {product} {ergonomic}
     uint G1ConcRefinementThreads                  = 8                                         {product} {ergonomic}
   size_t G1HeapRegionSize                         = 2097152                                   {product} {ergonomic}
    uintx GCDrainStackTargetSize                   = 64                                        {product} {ergonomic}
   size_t InitialHeapSize                          = 266338304                                 {product} {ergonomic}
   size_t MarkStackSize                            = 4194304                                   {product} {ergonomic}
   size_t MaxHeapSize                              = 4229955584                                {product} {ergonomic}
   size_t MaxNewSize                               = 2537553920                                {product} {ergonomic}
   size_t MinHeapDeltaBytes                        = 2097152                                   {product} {ergonomic}
   size_t MinHeapSize                              = 8388608                                   {product} {ergonomic}
    uintx NonNMethodCodeHeapSize                   = 5839372                                {pd product} {ergonomic}
    uintx NonProfiledCodeHeapSize                  = 122909434                              {pd product} {ergonomic}
    uintx ProfiledCodeHeapSize                     = 122909434                              {pd product} {ergonomic}
    uintx ReservedCodeCacheSize                    = 251658240                              {pd product} {ergonomic}
     bool SegmentedCodeCache                       = true                                      {product} {ergonomic}
   size_t SoftMaxHeapSize                          = 4229955584                             {manageable} {ergonomic}
     bool UseCompressedOops                        = true                           {product lp64_product} {ergonomic}
     bool UseG1GC                                  = true                                      {product} {ergonomic}
     bool UseLargePagesIndividualAllocation        = false                                  {pd product} {ergonomic}

Logging:
Log output configuration:
 #0: stdout all=warning uptime,level,tags foldmultilines=false
 #1: stderr all=off uptime,level,tags foldmultilines=false

Environment Variables:
PATH=c:\program files\jprofiler14\jre\bin;C:\Program Files\jprofiler14\bin\..\lib;C:\Program Files\Common Files\Oracle\Java\javapath;C:\WINDOWS\system32;C:\WINDOWS;C:\WINDOWS\System32\Wbem;C:\WINDOWS\System32\WindowsPowerShell\v1.0\;C:\WINDOWS\System32\OpenSSH\;C:\Program Files\dotnet\;C:\ProgramData\chocolatey\bin;C:\Program Files\Git\cmd;C:\Program Files\TortoiseGit\bin;C:\Program Files\nodejs\;C:\Users\cjvil\AppData\Roaming\TinyTeX\bin\windows;C:\Users\cjvil\AppData\Local\Microsoft\WindowsApps;C:\Users\cjvil\AppData\Local\Programs\Microsoft VS Code\bin;C:\Program Files\heroku\bin;C:\Users\cjvil\AppData\Local\GitHubDesktop\bin;C:\Users\cjvil\AppData\Roaming\npm;C:\Users\cjvil\AppData\Local\Programs\MiKTeX\miktex\bin\x64\;C:\Program Files\JetBrains\IntelliJ IDEA 2023.3.2\bin;
USERNAME=cjvil
OS=Windows_NT
PROCESSOR_IDENTIFIER=Intel64 Family 6 Model 165 Stepping 2, GenuineIntel
TMP=C:\Users\cjvil\AppData\Local\Temp
TEMP=C:\Users\cjvil\AppData\Local\Temp




Periodic native trim disabled

---------------  S Y S T E M  ---------------

OS:
 Windows 11 , 64 bit Build 22000 (10.0.22000.2538)
OS uptime: 2 days 12:45 hours

CPU: total 8 (initial active 8) (4 cores per cpu, 2 threads per core) family 6 model 165 stepping 2 microcode 0xf8, cx8, cmov, fxsr, ht, mmx, 3dnowpref, sse, sse2, sse3, ssse3, sse4.1, sse4.2, popcnt, lzcnt, tsc, tscinvbit, avx, avx2, aes, erms, clmul, bmi1, bmi2, adx, fma, vzeroupper, clflush, clflushopt, rdtscp, f16c, pku
Processor Information for all 8 processors :
  Max Mhz: 2496, Current Mhz: 2496, Mhz Limit: 2496

Memory: 4k page, system-wide physical 16129M (1865M free)
TotalPageFile size 18561M (AvailPageFile size 2557M)
current process WorkingSet (physical memory assigned to process): 223M, peak: 223M
current process commit charge ("private bytes"): 367M, peak: 369M

vm_info: Java HotSpot(TM) 64-Bit Server VM (21.0.1+12-LTS-29) for windows-amd64 JRE (21.0.1+12-LTS-29), built on 2023-10-05T13:27:09Z by "mach5one" with MS VC++ 17.1 (VS2022)

END.
